2022-08-03 00:33:30.706  INFO 14777 --- [http-nio-9091-exec-1] com.mb.aspect.CentralLoggingHandler      : 

Request Type GET , Path /api/get-product/1 from Mozilla/5.0 (X11; Linux x86_64) AppleWebKit/537.36 (KHTML, like Gecko) Chrome/103.0.0.0 Safari/537.36
2022-08-03 00:33:30.709  INFO 14777 --- [http-nio-9091-exec-1] com.mb.aspect.CentralLoggingHandler      :  Allowed execution for execution(ResponseEntity com.mb.controller.ProductController.getProductById(long))
2022-08-03 00:33:30.713  INFO 14777 --- [http-nio-9091-exec-1] com.mb.aspect.CentralLoggingHandler      : returned with value <200 OK OK,com.mb.entity.Product@30668fdc,[]>
2022-08-03 00:33:30.713  INFO 14777 --- [http-nio-9091-exec-1] com.mb.aspect.CentralLoggingHandler      : after method execution(ResponseEntity com.mb.controller.ProductController.getProductById(long))
2022-08-03 00:34:06.383  INFO 14777 --- [http-nio-9091-exec-2] com.mb.aspect.CentralLoggingHandler      : 

Request Type GET , Path /api/get-product/1 from Mozilla/5.0 (X11; Linux x86_64) AppleWebKit/537.36 (KHTML, like Gecko) Chrome/103.0.0.0 Safari/537.36
2022-08-03 00:34:06.384  INFO 14777 --- [http-nio-9091-exec-2] com.mb.aspect.CentralLoggingHandler      :  Allowed execution for execution(ResponseEntity com.mb.controller.ProductController.getProductById(long))
2022-08-03 00:34:06.388  INFO 14777 --- [http-nio-9091-exec-2] com.mb.aspect.CentralLoggingHandler      : returned with value <200 OK OK,com.mb.entity.Product@7bdf61d7,[]>
2022-08-03 00:34:06.389  INFO 14777 --- [http-nio-9091-exec-2] com.mb.aspect.CentralLoggingHandler      : after method execution(ResponseEntity com.mb.controller.ProductController.getProductById(long))
2022-08-03 00:35:27.197  INFO 14777 --- [http-nio-9091-exec-4] com.mb.aspect.CentralLoggingHandler      : 

Request Type GET , Path /api/get-product/1 from Mozilla/5.0 (X11; Linux x86_64) AppleWebKit/537.36 (KHTML, like Gecko) Chrome/103.0.0.0 Safari/537.36
2022-08-03 00:35:27.197  INFO 14777 --- [http-nio-9091-exec-4] com.mb.aspect.CentralLoggingHandler      :  Allowed execution for execution(ResponseEntity com.mb.controller.ProductController.getProductById(long))
2022-08-03 00:35:27.200  INFO 14777 --- [http-nio-9091-exec-4] com.mb.aspect.CentralLoggingHandler      : returned with value <200 OK OK,com.mb.entity.Product@26b824a5,[]>
2022-08-03 00:35:27.202  INFO 14777 --- [http-nio-9091-exec-4] com.mb.aspect.CentralLoggingHandler      : after method execution(ResponseEntity com.mb.controller.ProductController.getProductById(long))
2022-08-03 00:35:47.847  INFO 14777 --- [http-nio-9091-exec-5] com.mb.aspect.CentralLoggingHandler      : 

Request Type GET , Path /api/get-product/1 from Mozilla/5.0 (X11; Linux x86_64) AppleWebKit/537.36 (KHTML, like Gecko) Chrome/103.0.0.0 Safari/537.36
2022-08-03 00:35:47.847  INFO 14777 --- [http-nio-9091-exec-5] com.mb.aspect.CentralLoggingHandler      :  Allowed execution for execution(ResponseEntity com.mb.controller.ProductController.getProductById(long))
2022-08-03 00:35:47.850  INFO 14777 --- [http-nio-9091-exec-5] com.mb.aspect.CentralLoggingHandler      : returned with value <200 OK OK,com.mb.entity.Product@605aded,[]>
2022-08-03 00:35:47.851  INFO 14777 --- [http-nio-9091-exec-5] com.mb.aspect.CentralLoggingHandler      : after method execution(ResponseEntity com.mb.controller.ProductController.getProductById(long))
2022-08-03 00:35:53.915  INFO 14777 --- [http-nio-9091-exec-6] com.mb.aspect.CentralLoggingHandler      : 

Request Type GET , Path /api/get-product/1 from Mozilla/5.0 (X11; Linux x86_64) AppleWebKit/537.36 (KHTML, like Gecko) Chrome/103.0.0.0 Safari/537.36
2022-08-03 00:35:53.915  INFO 14777 --- [http-nio-9091-exec-6] com.mb.aspect.CentralLoggingHandler      :  Allowed execution for execution(ResponseEntity com.mb.controller.ProductController.getProductById(long))
2022-08-03 00:35:53.917  INFO 14777 --- [http-nio-9091-exec-6] com.mb.aspect.CentralLoggingHandler      : returned with value <200 OK OK,com.mb.entity.Product@507bbe31,[]>
2022-08-03 00:35:53.917  INFO 14777 --- [http-nio-9091-exec-6] com.mb.aspect.CentralLoggingHandler      : after method execution(ResponseEntity com.mb.controller.ProductController.getProductById(long))
2022-08-03 00:36:12.165  INFO 14777 --- [http-nio-9091-exec-7] com.mb.aspect.CentralLoggingHandler      : 

Request Type GET , Path /api/get-product/1 from Mozilla/5.0 (X11; Linux x86_64) AppleWebKit/537.36 (KHTML, like Gecko) Chrome/103.0.0.0 Safari/537.36
2022-08-03 00:36:12.165  INFO 14777 --- [http-nio-9091-exec-7] com.mb.aspect.CentralLoggingHandler      :  Allowed execution for execution(ResponseEntity com.mb.controller.ProductController.getProductById(long))
2022-08-03 00:36:12.168  INFO 14777 --- [http-nio-9091-exec-7] com.mb.aspect.CentralLoggingHandler      : returned with value <200 OK OK,com.mb.entity.Product@50df38f4,[]>
2022-08-03 00:36:12.168  INFO 14777 --- [http-nio-9091-exec-7] com.mb.aspect.CentralLoggingHandler      : after method execution(ResponseEntity com.mb.controller.ProductController.getProductById(long))
2022-08-03 00:36:13.848  INFO 14777 --- [http-nio-9091-exec-8] com.mb.aspect.CentralLoggingHandler      : 

Request Type GET , Path /api/get-product/1 from Mozilla/5.0 (X11; Linux x86_64) AppleWebKit/537.36 (KHTML, like Gecko) Chrome/103.0.0.0 Safari/537.36
2022-08-03 00:36:13.848  INFO 14777 --- [http-nio-9091-exec-8] com.mb.aspect.CentralLoggingHandler      :  Allowed execution for execution(ResponseEntity com.mb.controller.ProductController.getProductById(long))
2022-08-03 00:36:13.851  INFO 14777 --- [http-nio-9091-exec-8] com.mb.aspect.CentralLoggingHandler      : returned with value <200 OK OK,com.mb.entity.Product@31221a8,[]>
2022-08-03 00:36:13.851  INFO 14777 --- [http-nio-9091-exec-8] com.mb.aspect.CentralLoggingHandler      : after method execution(ResponseEntity com.mb.controller.ProductController.getProductById(long))
2022-08-03 00:36:18.084  INFO 14777 --- [http-nio-9091-exec-9] com.mb.aspect.CentralLoggingHandler      : 

Request Type GET , Path /api/get-product/1 from Mozilla/5.0 (X11; Linux x86_64) AppleWebKit/537.36 (KHTML, like Gecko) Chrome/103.0.0.0 Safari/537.36
2022-08-03 00:36:18.084  INFO 14777 --- [http-nio-9091-exec-9] com.mb.aspect.CentralLoggingHandler      :  Allowed execution for execution(ResponseEntity com.mb.controller.ProductController.getProductById(long))
2022-08-03 00:36:18.088  INFO 14777 --- [http-nio-9091-exec-9] com.mb.aspect.CentralLoggingHandler      : returned with value <200 OK OK,com.mb.entity.Product@624fb60d,[]>
2022-08-03 00:36:18.088  INFO 14777 --- [http-nio-9091-exec-9] com.mb.aspect.CentralLoggingHandler      : after method execution(ResponseEntity com.mb.controller.ProductController.getProductById(long))
2022-08-03 00:36:19.715  INFO 14777 --- [http-nio-9091-exec-10] com.mb.aspect.CentralLoggingHandler      : 

Request Type GET , Path /api/get-product/1 from Mozilla/5.0 (X11; Linux x86_64) AppleWebKit/537.36 (KHTML, like Gecko) Chrome/103.0.0.0 Safari/537.36
2022-08-03 00:36:19.715  INFO 14777 --- [http-nio-9091-exec-10] com.mb.aspect.CentralLoggingHandler      :  Allowed execution for execution(ResponseEntity com.mb.controller.ProductController.getProductById(long))
2022-08-03 00:36:19.719  INFO 14777 --- [http-nio-9091-exec-10] com.mb.aspect.CentralLoggingHandler      : returned with value <200 OK OK,com.mb.entity.Product@244a09cf,[]>
2022-08-03 00:36:19.719  INFO 14777 --- [http-nio-9091-exec-10] com.mb.aspect.CentralLoggingHandler      : after method execution(ResponseEntity com.mb.controller.ProductController.getProductById(long))
2022-08-03 00:36:24.578  INFO 14777 --- [http-nio-9091-exec-1] com.mb.aspect.CentralLoggingHandler      : 

Request Type GET , Path /api/get-product/1 from Mozilla/5.0 (X11; Linux x86_64) AppleWebKit/537.36 (KHTML, like Gecko) Chrome/103.0.0.0 Safari/537.36
2022-08-03 00:36:24.579  INFO 14777 --- [http-nio-9091-exec-1] com.mb.aspect.CentralLoggingHandler      :  Allowed execution for execution(ResponseEntity com.mb.controller.ProductController.getProductById(long))
2022-08-03 00:36:24.581  INFO 14777 --- [http-nio-9091-exec-1] com.mb.aspect.CentralLoggingHandler      : returned with value <200 OK OK,com.mb.entity.Product@6201c1cf,[]>
2022-08-03 00:36:24.581  INFO 14777 --- [http-nio-9091-exec-1] com.mb.aspect.CentralLoggingHandler      : after method execution(ResponseEntity com.mb.controller.ProductController.getProductById(long))
2022-08-03 00:36:36.026  INFO 14777 --- [http-nio-9091-exec-2] com.mb.aspect.CentralLoggingHandler      : 

Request Type GET , Path /api/get-product/1 from Mozilla/5.0 (X11; Linux x86_64) AppleWebKit/537.36 (KHTML, like Gecko) Chrome/103.0.0.0 Safari/537.36
2022-08-03 00:36:36.026  INFO 14777 --- [http-nio-9091-exec-2] com.mb.aspect.CentralLoggingHandler      :  Allowed execution for execution(ResponseEntity com.mb.controller.ProductController.getProductById(long))
2022-08-03 00:36:36.030  INFO 14777 --- [http-nio-9091-exec-2] com.mb.aspect.CentralLoggingHandler      : returned with value <200 OK OK,com.mb.entity.Product@118e1d5e,[]>
2022-08-03 00:36:36.030  INFO 14777 --- [http-nio-9091-exec-2] com.mb.aspect.CentralLoggingHandler      : after method execution(ResponseEntity com.mb.controller.ProductController.getProductById(long))
2022-08-03 00:36:37.311  INFO 14777 --- [http-nio-9091-exec-3] com.mb.aspect.CentralLoggingHandler      : 

Request Type GET , Path /api/get-product/1 from Mozilla/5.0 (X11; Linux x86_64) AppleWebKit/537.36 (KHTML, like Gecko) Chrome/103.0.0.0 Safari/537.36
2022-08-03 00:36:37.311  INFO 14777 --- [http-nio-9091-exec-3] com.mb.aspect.CentralLoggingHandler      :  Allowed execution for execution(ResponseEntity com.mb.controller.ProductController.getProductById(long))
2022-08-03 00:36:37.314  INFO 14777 --- [http-nio-9091-exec-3] com.mb.aspect.CentralLoggingHandler      : returned with value <200 OK OK,com.mb.entity.Product@188c00ce,[]>
2022-08-03 00:36:37.314  INFO 14777 --- [http-nio-9091-exec-3] com.mb.aspect.CentralLoggingHandler      : after method execution(ResponseEntity com.mb.controller.ProductController.getProductById(long))
2022-08-03 00:36:41.019  INFO 14777 --- [http-nio-9091-exec-4] com.mb.aspect.CentralLoggingHandler      : 

Request Type GET , Path /api/get-product/1 from Mozilla/5.0 (X11; Linux x86_64) AppleWebKit/537.36 (KHTML, like Gecko) Chrome/103.0.0.0 Safari/537.36
2022-08-03 00:36:41.019  INFO 14777 --- [http-nio-9091-exec-4] com.mb.aspect.CentralLoggingHandler      :  Allowed execution for execution(ResponseEntity com.mb.controller.ProductController.getProductById(long))
2022-08-03 00:36:41.021  INFO 14777 --- [http-nio-9091-exec-4] com.mb.aspect.CentralLoggingHandler      : returned with value <200 OK OK,com.mb.entity.Product@43a9581,[]>
2022-08-03 00:36:41.022  INFO 14777 --- [http-nio-9091-exec-4] com.mb.aspect.CentralLoggingHandler      : after method execution(ResponseEntity com.mb.controller.ProductController.getProductById(long))
2022-08-03 00:36:46.446  INFO 14777 --- [http-nio-9091-exec-5] com.mb.aspect.CentralLoggingHandler      : 

Request Type GET , Path /api/get-product/1 from Mozilla/5.0 (X11; Linux x86_64) AppleWebKit/537.36 (KHTML, like Gecko) Chrome/103.0.0.0 Safari/537.36
2022-08-03 00:36:46.446  INFO 14777 --- [http-nio-9091-exec-5] com.mb.aspect.CentralLoggingHandler      :  Allowed execution for execution(ResponseEntity com.mb.controller.ProductController.getProductById(long))
2022-08-03 00:36:46.449  INFO 14777 --- [http-nio-9091-exec-5] com.mb.aspect.CentralLoggingHandler      : returned with value <200 OK OK,com.mb.entity.Product@1b2a78de,[]>
2022-08-03 00:36:46.449  INFO 14777 --- [http-nio-9091-exec-5] com.mb.aspect.CentralLoggingHandler      : after method execution(ResponseEntity com.mb.controller.ProductController.getProductById(long))
2022-08-03 00:37:22.477  INFO 14777 --- [http-nio-9091-exec-6] com.mb.aspect.CentralLoggingHandler      : 

Request Type GET , Path /api/get-product/1 from Mozilla/5.0 (X11; Linux x86_64) AppleWebKit/537.36 (KHTML, like Gecko) Chrome/103.0.0.0 Safari/537.36
2022-08-03 00:37:22.477  INFO 14777 --- [http-nio-9091-exec-6] com.mb.aspect.CentralLoggingHandler      :  Allowed execution for execution(ResponseEntity com.mb.controller.ProductController.getProductById(long))
2022-08-03 00:37:22.480  INFO 14777 --- [http-nio-9091-exec-6] com.mb.aspect.CentralLoggingHandler      : returned with value <200 OK OK,com.mb.entity.Product@791e3e22,[]>
2022-08-03 00:37:22.480  INFO 14777 --- [http-nio-9091-exec-6] com.mb.aspect.CentralLoggingHandler      : after method execution(ResponseEntity com.mb.controller.ProductController.getProductById(long))
2022-08-03 00:37:36.876  INFO 14777 --- [http-nio-9091-exec-7] com.mb.aspect.CentralLoggingHandler      : 

Request Type GET , Path /api/get-product/1 from Mozilla/5.0 (X11; Linux x86_64) AppleWebKit/537.36 (KHTML, like Gecko) Chrome/103.0.0.0 Safari/537.36
2022-08-03 00:37:36.876  INFO 14777 --- [http-nio-9091-exec-7] com.mb.aspect.CentralLoggingHandler      :  Allowed execution for execution(ResponseEntity com.mb.controller.ProductController.getProductById(long))
2022-08-03 00:37:36.881  INFO 14777 --- [http-nio-9091-exec-7] com.mb.aspect.CentralLoggingHandler      : returned with value <200 OK OK,com.mb.entity.Product@303ff1cb,[]>
2022-08-03 00:37:36.881  INFO 14777 --- [http-nio-9091-exec-7] com.mb.aspect.CentralLoggingHandler      : after method execution(ResponseEntity com.mb.controller.ProductController.getProductById(long))
2022-08-03 00:37:49.783  INFO 14777 --- [http-nio-9091-exec-8] com.mb.aspect.CentralLoggingHandler      : 

Request Type GET , Path /api/get-product/1 from Mozilla/5.0 (X11; Linux x86_64) AppleWebKit/537.36 (KHTML, like Gecko) Chrome/103.0.0.0 Safari/537.36
2022-08-03 00:37:49.783  INFO 14777 --- [http-nio-9091-exec-8] com.mb.aspect.CentralLoggingHandler      :  Allowed execution for execution(ResponseEntity com.mb.controller.ProductController.getProductById(long))
2022-08-03 00:37:49.786  INFO 14777 --- [http-nio-9091-exec-8] com.mb.aspect.CentralLoggingHandler      : returned with value <200 OK OK,com.mb.entity.Product@4ae0f57a,[]>
2022-08-03 00:37:49.786  INFO 14777 --- [http-nio-9091-exec-8] com.mb.aspect.CentralLoggingHandler      : after method execution(ResponseEntity com.mb.controller.ProductController.getProductById(long))
2022-08-03 00:37:55.561  INFO 14777 --- [http-nio-9091-exec-9] com.mb.aspect.CentralLoggingHandler      : 

Request Type GET , Path /api/get-product/1 from Mozilla/5.0 (X11; Linux x86_64) AppleWebKit/537.36 (KHTML, like Gecko) Chrome/103.0.0.0 Safari/537.36
2022-08-03 00:37:55.561  INFO 14777 --- [http-nio-9091-exec-9] com.mb.aspect.CentralLoggingHandler      :  Allowed execution for execution(ResponseEntity com.mb.controller.ProductController.getProductById(long))
2022-08-03 00:37:55.563  INFO 14777 --- [http-nio-9091-exec-9] com.mb.aspect.CentralLoggingHandler      : returned with value <200 OK OK,com.mb.entity.Product@2d776b5,[]>
2022-08-03 00:37:55.563  INFO 14777 --- [http-nio-9091-exec-9] com.mb.aspect.CentralLoggingHandler      : after method execution(ResponseEntity com.mb.controller.ProductController.getProductById(long))
2022-08-03 00:38:18.824  INFO 14777 --- [http-nio-9091-exec-10] com.mb.aspect.CentralLoggingHandler      : 

Request Type GET , Path /api/get-product/1 from Mozilla/5.0 (X11; Linux x86_64) AppleWebKit/537.36 (KHTML, like Gecko) Chrome/103.0.0.0 Safari/537.36
2022-08-03 00:38:18.824  INFO 14777 --- [http-nio-9091-exec-10] com.mb.aspect.CentralLoggingHandler      :  Allowed execution for execution(ResponseEntity com.mb.controller.ProductController.getProductById(long))
2022-08-03 00:38:18.826  INFO 14777 --- [http-nio-9091-exec-10] com.mb.aspect.CentralLoggingHandler      : returned with value <200 OK OK,com.mb.entity.Product@2081f471,[]>
2022-08-03 00:38:18.826  INFO 14777 --- [http-nio-9091-exec-10] com.mb.aspect.CentralLoggingHandler      : after method execution(ResponseEntity com.mb.controller.ProductController.getProductById(long))
2022-08-03 00:38:22.706  INFO 14777 --- [http-nio-9091-exec-1] com.mb.aspect.CentralLoggingHandler      : 

Request Type GET , Path /api/get-product/1 from Mozilla/5.0 (X11; Linux x86_64) AppleWebKit/537.36 (KHTML, like Gecko) Chrome/103.0.0.0 Safari/537.36
2022-08-03 00:38:22.707  INFO 14777 --- [http-nio-9091-exec-1] com.mb.aspect.CentralLoggingHandler      :  Allowed execution for execution(ResponseEntity com.mb.controller.ProductController.getProductById(long))
2022-08-03 00:38:22.709  INFO 14777 --- [http-nio-9091-exec-1] com.mb.aspect.CentralLoggingHandler      : returned with value <200 OK OK,com.mb.entity.Product@75d50594,[]>
2022-08-03 00:38:22.711  INFO 14777 --- [http-nio-9091-exec-1] com.mb.aspect.CentralLoggingHandler      : after method execution(ResponseEntity com.mb.controller.ProductController.getProductById(long))
2022-08-03 00:38:51.566  INFO 14777 --- [http-nio-9091-exec-2] com.mb.aspect.CentralLoggingHandler      : 

Request Type GET , Path /api/get-product/1 from Mozilla/5.0 (X11; Linux x86_64) AppleWebKit/537.36 (KHTML, like Gecko) Chrome/103.0.0.0 Safari/537.36
2022-08-03 00:38:51.566  INFO 14777 --- [http-nio-9091-exec-2] com.mb.aspect.CentralLoggingHandler      :  Allowed execution for execution(ResponseEntity com.mb.controller.ProductController.getProductById(long))
2022-08-03 00:38:51.568  INFO 14777 --- [http-nio-9091-exec-2] com.mb.aspect.CentralLoggingHandler      : returned with value <200 OK OK,com.mb.entity.Product@2ec25406,[]>
2022-08-03 00:38:51.568  INFO 14777 --- [http-nio-9091-exec-2] com.mb.aspect.CentralLoggingHandler      : after method execution(ResponseEntity com.mb.controller.ProductController.getProductById(long))
2022-08-03 00:38:57.928  INFO 14777 --- [http-nio-9091-exec-3] com.mb.aspect.CentralLoggingHandler      : 

Request Type GET , Path /api/get-product/1 from Mozilla/5.0 (X11; Linux x86_64) AppleWebKit/537.36 (KHTML, like Gecko) Chrome/103.0.0.0 Safari/537.36
2022-08-03 00:38:57.929  INFO 14777 --- [http-nio-9091-exec-3] com.mb.aspect.CentralLoggingHandler      :  Allowed execution for execution(ResponseEntity com.mb.controller.ProductController.getProductById(long))
2022-08-03 00:38:57.931  INFO 14777 --- [http-nio-9091-exec-3] com.mb.aspect.CentralLoggingHandler      : returned with value <200 OK OK,com.mb.entity.Product@37497cf6,[]>
2022-08-03 00:38:57.932  INFO 14777 --- [http-nio-9091-exec-3] com.mb.aspect.CentralLoggingHandler      : after method execution(ResponseEntity com.mb.controller.ProductController.getProductById(long))
2022-08-03 00:39:25.666  INFO 14777 --- [http-nio-9091-exec-4] com.mb.aspect.CentralLoggingHandler      : 

Request Type GET , Path /api/get-product/1 from Mozilla/5.0 (X11; Linux x86_64) AppleWebKit/537.36 (KHTML, like Gecko) Chrome/103.0.0.0 Safari/537.36
2022-08-03 00:39:25.666  INFO 14777 --- [http-nio-9091-exec-4] com.mb.aspect.CentralLoggingHandler      :  Allowed execution for execution(ResponseEntity com.mb.controller.ProductController.getProductById(long))
2022-08-03 00:39:25.669  INFO 14777 --- [http-nio-9091-exec-4] com.mb.aspect.CentralLoggingHandler      : returned with value <200 OK OK,com.mb.entity.Product@7d6187f,[]>
2022-08-03 00:39:25.669  INFO 14777 --- [http-nio-9091-exec-4] com.mb.aspect.CentralLoggingHandler      : after method execution(ResponseEntity com.mb.controller.ProductController.getProductById(long))
2022-08-03 00:39:35.976  INFO 14777 --- [http-nio-9091-exec-5] com.mb.aspect.CentralLoggingHandler      : 

Request Type GET , Path /api/get-product/1 from Mozilla/5.0 (X11; Linux x86_64) AppleWebKit/537.36 (KHTML, like Gecko) Chrome/103.0.0.0 Safari/537.36
2022-08-03 00:39:35.976  INFO 14777 --- [http-nio-9091-exec-5] com.mb.aspect.CentralLoggingHandler      :  Allowed execution for execution(ResponseEntity com.mb.controller.ProductController.getProductById(long))
2022-08-03 00:39:35.979  INFO 14777 --- [http-nio-9091-exec-5] com.mb.aspect.CentralLoggingHandler      : returned with value <200 OK OK,com.mb.entity.Product@8a3d0b9,[]>
2022-08-03 00:39:35.979  INFO 14777 --- [http-nio-9091-exec-5] com.mb.aspect.CentralLoggingHandler      : after method execution(ResponseEntity com.mb.controller.ProductController.getProductById(long))
2022-08-03 00:39:42.460  INFO 14777 --- [http-nio-9091-exec-6] com.mb.aspect.CentralLoggingHandler      : 

Request Type GET , Path /api/get-product/1 from Mozilla/5.0 (X11; Linux x86_64) AppleWebKit/537.36 (KHTML, like Gecko) Chrome/103.0.0.0 Safari/537.36
2022-08-03 00:39:42.460  INFO 14777 --- [http-nio-9091-exec-6] com.mb.aspect.CentralLoggingHandler      :  Allowed execution for execution(ResponseEntity com.mb.controller.ProductController.getProductById(long))
2022-08-03 00:39:42.463  INFO 14777 --- [http-nio-9091-exec-6] com.mb.aspect.CentralLoggingHandler      : returned with value <200 OK OK,com.mb.entity.Product@4c503db7,[]>
2022-08-03 00:39:42.463  INFO 14777 --- [http-nio-9091-exec-6] com.mb.aspect.CentralLoggingHandler      : after method execution(ResponseEntity com.mb.controller.ProductController.getProductById(long))
2022-08-03 00:40:29.627  INFO 14777 --- [http-nio-9091-exec-7] com.mb.aspect.CentralLoggingHandler      : 

Request Type GET , Path /api/get-product/1 from Mozilla/5.0 (X11; Linux x86_64) AppleWebKit/537.36 (KHTML, like Gecko) Chrome/103.0.0.0 Safari/537.36
2022-08-03 00:40:29.627  INFO 14777 --- [http-nio-9091-exec-7] com.mb.aspect.CentralLoggingHandler      :  Allowed execution for execution(ResponseEntity com.mb.controller.ProductController.getProductById(long))
2022-08-03 00:40:29.630  INFO 14777 --- [http-nio-9091-exec-7] com.mb.aspect.CentralLoggingHandler      : returned with value <200 OK OK,com.mb.entity.Product@592d2ac2,[]>
2022-08-03 00:40:29.630  INFO 14777 --- [http-nio-9091-exec-7] com.mb.aspect.CentralLoggingHandler      : after method execution(ResponseEntity com.mb.controller.ProductController.getProductById(long))
2022-08-03 00:40:38.060  INFO 14777 --- [http-nio-9091-exec-8] com.mb.aspect.CentralLoggingHandler      : 

Request Type GET , Path /api/get-product/1 from Mozilla/5.0 (X11; Linux x86_64) AppleWebKit/537.36 (KHTML, like Gecko) Chrome/103.0.0.0 Safari/537.36
2022-08-03 00:40:38.061  INFO 14777 --- [http-nio-9091-exec-8] com.mb.aspect.CentralLoggingHandler      :  Allowed execution for execution(ResponseEntity com.mb.controller.ProductController.getProductById(long))
2022-08-03 00:40:38.063  INFO 14777 --- [http-nio-9091-exec-8] com.mb.aspect.CentralLoggingHandler      : returned with value <200 OK OK,com.mb.entity.Product@7d7a9c4e,[]>
2022-08-03 00:40:38.063  INFO 14777 --- [http-nio-9091-exec-8] com.mb.aspect.CentralLoggingHandler      : after method execution(ResponseEntity com.mb.controller.ProductController.getProductById(long))
2022-08-03 00:44:24.467  INFO 14777 --- [http-nio-9091-exec-10] com.mb.aspect.CentralLoggingHandler      : 

Request Type GET , Path /api/get-product/1 from Mozilla/5.0 (X11; Linux x86_64) AppleWebKit/537.36 (KHTML, like Gecko) Chrome/103.0.0.0 Safari/537.36
2022-08-03 00:44:24.468  INFO 14777 --- [http-nio-9091-exec-10] com.mb.aspect.CentralLoggingHandler      :  Allowed execution for execution(ResponseEntity com.mb.controller.ProductController.getProductById(long))
2022-08-03 00:44:24.470  INFO 14777 --- [http-nio-9091-exec-10] com.mb.aspect.CentralLoggingHandler      : returned with value <200 OK OK,com.mb.entity.Product@762450a5,[]>
2022-08-03 00:44:24.470  INFO 14777 --- [http-nio-9091-exec-10] com.mb.aspect.CentralLoggingHandler      : after method execution(ResponseEntity com.mb.controller.ProductController.getProductById(long))
2022-08-03 00:44:50.696  INFO 14777 --- [http-nio-9091-exec-1] com.mb.aspect.CentralLoggingHandler      : 

Request Type GET , Path /api/get-product/1 from Mozilla/5.0 (X11; Linux x86_64) AppleWebKit/537.36 (KHTML, like Gecko) Chrome/103.0.0.0 Safari/537.36
2022-08-03 00:44:50.697  INFO 14777 --- [http-nio-9091-exec-1] com.mb.aspect.CentralLoggingHandler      :  Allowed execution for execution(ResponseEntity com.mb.controller.ProductController.getProductById(long))
2022-08-03 00:44:50.706  INFO 14777 --- [http-nio-9091-exec-1] com.mb.aspect.CentralLoggingHandler      : returned with value <200 OK OK,com.mb.entity.Product@7b7efda1,[]>
2022-08-03 00:44:50.706  INFO 14777 --- [http-nio-9091-exec-1] com.mb.aspect.CentralLoggingHandler      : after method execution(ResponseEntity com.mb.controller.ProductController.getProductById(long))
2022-08-03 00:44:52.837  INFO 14777 --- [http-nio-9091-exec-2] com.mb.aspect.CentralLoggingHandler      : 

Request Type GET , Path /api/get-product/1 from Mozilla/5.0 (X11; Linux x86_64) AppleWebKit/537.36 (KHTML, like Gecko) Chrome/103.0.0.0 Safari/537.36
2022-08-03 00:44:52.837  INFO 14777 --- [http-nio-9091-exec-2] com.mb.aspect.CentralLoggingHandler      :  Allowed execution for execution(ResponseEntity com.mb.controller.ProductController.getProductById(long))
2022-08-03 00:44:52.840  INFO 14777 --- [http-nio-9091-exec-2] com.mb.aspect.CentralLoggingHandler      : returned with value <200 OK OK,com.mb.entity.Product@50cec887,[]>
2022-08-03 00:44:52.840  INFO 14777 --- [http-nio-9091-exec-2] com.mb.aspect.CentralLoggingHandler      : after method execution(ResponseEntity com.mb.controller.ProductController.getProductById(long))
2022-08-03 00:45:03.274  INFO 14777 --- [http-nio-9091-exec-3] com.mb.aspect.CentralLoggingHandler      : 

Request Type GET , Path /api/get-product/1 from Mozilla/5.0 (X11; Linux x86_64) AppleWebKit/537.36 (KHTML, like Gecko) Chrome/103.0.0.0 Safari/537.36
2022-08-03 00:45:03.274  INFO 14777 --- [http-nio-9091-exec-3] com.mb.aspect.CentralLoggingHandler      :  Allowed execution for execution(ResponseEntity com.mb.controller.ProductController.getProductById(long))
2022-08-03 00:45:03.276  INFO 14777 --- [http-nio-9091-exec-3] com.mb.aspect.CentralLoggingHandler      : returned with value <200 OK OK,com.mb.entity.Product@352ec1c8,[]>
2022-08-03 00:45:03.276  INFO 14777 --- [http-nio-9091-exec-3] com.mb.aspect.CentralLoggingHandler      : after method execution(ResponseEntity com.mb.controller.ProductController.getProductById(long))
2022-08-03 00:46:57.848  INFO 14777 --- [http-nio-9091-exec-5] com.mb.aspect.CentralLoggingHandler      : 

Request Type GET , Path /api/get-product/1 from Mozilla/5.0 (X11; Linux x86_64) AppleWebKit/537.36 (KHTML, like Gecko) Chrome/103.0.0.0 Safari/537.36
2022-08-03 00:46:57.848  INFO 14777 --- [http-nio-9091-exec-5] com.mb.aspect.CentralLoggingHandler      :  Allowed execution for execution(ResponseEntity com.mb.controller.ProductController.getProductById(long))
2022-08-03 00:46:57.851  INFO 14777 --- [http-nio-9091-exec-5] com.mb.aspect.CentralLoggingHandler      : returned with value <200 OK OK,com.mb.entity.Product@4c17f816,[]>
2022-08-03 00:46:57.851  INFO 14777 --- [http-nio-9091-exec-5] com.mb.aspect.CentralLoggingHandler      : after method execution(ResponseEntity com.mb.controller.ProductController.getProductById(long))
2022-08-03 00:47:00.702  INFO 14777 --- [http-nio-9091-exec-6] com.mb.aspect.CentralLoggingHandler      : 

Request Type GET , Path /api/get-product/1 from Mozilla/5.0 (X11; Linux x86_64) AppleWebKit/537.36 (KHTML, like Gecko) Chrome/103.0.0.0 Safari/537.36
2022-08-03 00:47:00.702  INFO 14777 --- [http-nio-9091-exec-6] com.mb.aspect.CentralLoggingHandler      :  Allowed execution for execution(ResponseEntity com.mb.controller.ProductController.getProductById(long))
2022-08-03 00:47:00.705  INFO 14777 --- [http-nio-9091-exec-6] com.mb.aspect.CentralLoggingHandler      : returned with value <200 OK OK,com.mb.entity.Product@1898a17,[]>
2022-08-03 00:47:00.705  INFO 14777 --- [http-nio-9091-exec-6] com.mb.aspect.CentralLoggingHandler      : after method execution(ResponseEntity com.mb.controller.ProductController.getProductById(long))
2022-08-03 00:47:09.083  INFO 14777 --- [http-nio-9091-exec-7] com.mb.aspect.CentralLoggingHandler      : 

Request Type GET , Path /api/get-product/1 from Mozilla/5.0 (X11; Linux x86_64) AppleWebKit/537.36 (KHTML, like Gecko) Chrome/103.0.0.0 Safari/537.36
2022-08-03 00:47:09.084  INFO 14777 --- [http-nio-9091-exec-7] com.mb.aspect.CentralLoggingHandler      :  Allowed execution for execution(ResponseEntity com.mb.controller.ProductController.getProductById(long))
2022-08-03 00:47:09.086  INFO 14777 --- [http-nio-9091-exec-7] com.mb.aspect.CentralLoggingHandler      : returned with value <200 OK OK,com.mb.entity.Product@1bdf47b1,[]>
2022-08-03 00:47:09.086  INFO 14777 --- [http-nio-9091-exec-7] com.mb.aspect.CentralLoggingHandler      : after method execution(ResponseEntity com.mb.controller.ProductController.getProductById(long))
2022-08-03 00:47:16.743  INFO 14777 --- [http-nio-9091-exec-8] com.mb.aspect.CentralLoggingHandler      : 

Request Type GET , Path /api/get-product/1 from Mozilla/5.0 (X11; Linux x86_64) AppleWebKit/537.36 (KHTML, like Gecko) Chrome/103.0.0.0 Safari/537.36
2022-08-03 00:47:16.743  INFO 14777 --- [http-nio-9091-exec-8] com.mb.aspect.CentralLoggingHandler      :  Allowed execution for execution(ResponseEntity com.mb.controller.ProductController.getProductById(long))
2022-08-03 00:47:16.745  INFO 14777 --- [http-nio-9091-exec-8] com.mb.aspect.CentralLoggingHandler      : returned with value <200 OK OK,com.mb.entity.Product@64eb6dd,[]>
2022-08-03 00:47:16.745  INFO 14777 --- [http-nio-9091-exec-8] com.mb.aspect.CentralLoggingHandler      : after method execution(ResponseEntity com.mb.controller.ProductController.getProductById(long))
2022-08-03 00:47:32.688  INFO 14777 --- [http-nio-9091-exec-9] com.mb.aspect.CentralLoggingHandler      : 

Request Type GET , Path /api/get-product/1 from Mozilla/5.0 (X11; Linux x86_64) AppleWebKit/537.36 (KHTML, like Gecko) Chrome/103.0.0.0 Safari/537.36
2022-08-03 00:47:32.688  INFO 14777 --- [http-nio-9091-exec-9] com.mb.aspect.CentralLoggingHandler      :  Allowed execution for execution(ResponseEntity com.mb.controller.ProductController.getProductById(long))
2022-08-03 00:47:32.691  INFO 14777 --- [http-nio-9091-exec-9] com.mb.aspect.CentralLoggingHandler      : returned with value <200 OK OK,com.mb.entity.Product@751ef761,[]>
2022-08-03 00:47:32.691  INFO 14777 --- [http-nio-9091-exec-9] com.mb.aspect.CentralLoggingHandler      : after method execution(ResponseEntity com.mb.controller.ProductController.getProductById(long))
2022-08-03 00:47:49.831  INFO 14777 --- [http-nio-9091-exec-10] com.mb.aspect.CentralLoggingHandler      : 

Request Type GET , Path /api/get-product/1 from Mozilla/5.0 (X11; Linux x86_64) AppleWebKit/537.36 (KHTML, like Gecko) Chrome/103.0.0.0 Safari/537.36
2022-08-03 00:47:49.831  INFO 14777 --- [http-nio-9091-exec-10] com.mb.aspect.CentralLoggingHandler      :  Allowed execution for execution(ResponseEntity com.mb.controller.ProductController.getProductById(long))
2022-08-03 00:47:49.832  INFO 14777 --- [http-nio-9091-exec-10] com.mb.aspect.CentralLoggingHandler      : returned with value <200 OK OK,com.mb.entity.Product@1213ea9d,[]>
2022-08-03 00:47:49.833  INFO 14777 --- [http-nio-9091-exec-10] com.mb.aspect.CentralLoggingHandler      : after method execution(ResponseEntity com.mb.controller.ProductController.getProductById(long))
2022-08-03 00:51:28.991  INFO 14777 --- [http-nio-9091-exec-2] com.mb.aspect.CentralLoggingHandler      : 

Request Type GET , Path /api/get-product/1 from Mozilla/5.0 (X11; Linux x86_64) AppleWebKit/537.36 (KHTML, like Gecko) Chrome/103.0.0.0 Safari/537.36
2022-08-03 00:51:28.991  INFO 14777 --- [http-nio-9091-exec-2] com.mb.aspect.CentralLoggingHandler      :  Allowed execution for execution(ResponseEntity com.mb.controller.ProductController.getProductById(long))
2022-08-03 00:51:28.999  INFO 14777 --- [http-nio-9091-exec-2] com.mb.aspect.CentralLoggingHandler      : returned with value <200 OK OK,com.mb.entity.Product@62694c6e,[]>
2022-08-03 00:51:29.000  INFO 14777 --- [http-nio-9091-exec-2] com.mb.aspect.CentralLoggingHandler      : after method execution(ResponseEntity com.mb.controller.ProductController.getProductById(long))
2022-08-03 00:51:40.775  WARN 14777 --- [http-nio-9091-exec-3] .m.m.a.ExceptionHandlerExceptionResolver : Resolved [java.lang.NullPointerException: Cannot invoke "com.mb.service.PaymentDetailService.savePaymentDetails(javax.servlet.http.HttpServletRequest)" because "this.paymentDetailService" is null]
2022-08-03 00:51:41.294  INFO 14777 --- [http-nio-9091-exec-4] com.mb.aspect.CentralLoggingHandler      : 

Request Type GET , Path /api/get-product/1 from Mozilla/5.0 (X11; Linux x86_64) AppleWebKit/537.36 (KHTML, like Gecko) Chrome/103.0.0.0 Safari/537.36
2022-08-03 00:51:41.294  INFO 14777 --- [http-nio-9091-exec-4] com.mb.aspect.CentralLoggingHandler      :  Allowed execution for execution(ResponseEntity com.mb.controller.ProductController.getProductById(long))
2022-08-03 00:51:41.297  INFO 14777 --- [http-nio-9091-exec-4] com.mb.aspect.CentralLoggingHandler      : returned with value <200 OK OK,com.mb.entity.Product@3cc341b1,[]>
2022-08-03 00:51:41.297  INFO 14777 --- [http-nio-9091-exec-4] com.mb.aspect.CentralLoggingHandler      : after method execution(ResponseEntity com.mb.controller.ProductController.getProductById(long))
2022-08-03 00:51:41.807  WARN 14777 --- [http-nio-9091-exec-5] .m.m.a.ExceptionHandlerExceptionResolver : Resolved [java.lang.NullPointerException: Cannot invoke "com.mb.service.PaymentDetailService.savePaymentDetails(javax.servlet.http.HttpServletRequest)" because "this.paymentDetailService" is null]
2022-08-03 00:51:51.015  INFO 14777 --- [http-nio-9091-exec-7] com.mb.aspect.CentralLoggingHandler      : 

Request Type POST , Path /api/checkout-payment from Mozilla/5.0 (X11; Linux x86_64) AppleWebKit/537.36 (KHTML, like Gecko) Chrome/103.0.0.0 Safari/537.36
2022-08-03 00:51:51.015  INFO 14777 --- [http-nio-9091-exec-7] com.mb.aspect.CentralLoggingHandler      :  Allowed execution for execution(ResponseEntity com.mb.controller.StripeController.paymentWithCheckoutPage(CheckoutPayment))
2022-08-03 00:51:57.754  INFO 14777 --- [http-nio-9091-exec-7] com.mb.aspect.CentralLoggingHandler      : returned with value <200 OK OK,{"id":"cs_test_a1bHrvhUSRscBB89dIUcAd0s9wB22lUPvwqbcPOOmOOl0kJHcWflM9wfzm"},[]>
2022-08-03 00:51:57.754  INFO 14777 --- [http-nio-9091-exec-7] com.mb.aspect.CentralLoggingHandler      : after method execution(ResponseEntity com.mb.controller.StripeController.paymentWithCheckoutPage(CheckoutPayment))
2022-08-03 00:52:05.832  INFO 14777 --- [http-nio-9091-exec-8] com.mb.aspect.CentralLoggingHandler      : 

Request Type GET , Path /api/get-product/1 from Mozilla/5.0 (X11; Linux x86_64) AppleWebKit/537.36 (KHTML, like Gecko) Chrome/103.0.0.0 Safari/537.36
2022-08-03 00:52:05.832  INFO 14777 --- [http-nio-9091-exec-8] com.mb.aspect.CentralLoggingHandler      :  Allowed execution for execution(ResponseEntity com.mb.controller.ProductController.getProductById(long))
2022-08-03 00:52:05.835  INFO 14777 --- [http-nio-9091-exec-8] com.mb.aspect.CentralLoggingHandler      : returned with value <200 OK OK,com.mb.entity.Product@50c461a3,[]>
2022-08-03 00:52:05.835  INFO 14777 --- [http-nio-9091-exec-8] com.mb.aspect.CentralLoggingHandler      : after method execution(ResponseEntity com.mb.controller.ProductController.getProductById(long))
2022-08-03 00:52:24.216  INFO 14777 --- [http-nio-9091-exec-9] com.mb.aspect.CentralLoggingHandler      : 

Request Type GET , Path /api/get-product/1 from Mozilla/5.0 (X11; Linux x86_64) AppleWebKit/537.36 (KHTML, like Gecko) Chrome/103.0.0.0 Safari/537.36
2022-08-03 00:52:24.216  INFO 14777 --- [http-nio-9091-exec-9] com.mb.aspect.CentralLoggingHandler      :  Allowed execution for execution(ResponseEntity com.mb.controller.ProductController.getProductById(long))
2022-08-03 00:52:24.218  INFO 14777 --- [http-nio-9091-exec-9] com.mb.aspect.CentralLoggingHandler      : returned with value <200 OK OK,com.mb.entity.Product@456b1bdd,[]>
2022-08-03 00:52:24.218  INFO 14777 --- [http-nio-9091-exec-9] com.mb.aspect.CentralLoggingHandler      : after method execution(ResponseEntity com.mb.controller.ProductController.getProductById(long))
2022-08-03 00:52:27.400  INFO 14777 --- [http-nio-9091-exec-10] com.mb.aspect.CentralLoggingHandler      : 

Request Type GET , Path /api/get-product/1 from Mozilla/5.0 (X11; Linux x86_64) AppleWebKit/537.36 (KHTML, like Gecko) Chrome/103.0.0.0 Safari/537.36
2022-08-03 00:52:27.400  INFO 14777 --- [http-nio-9091-exec-10] com.mb.aspect.CentralLoggingHandler      :  Allowed execution for execution(ResponseEntity com.mb.controller.ProductController.getProductById(long))
2022-08-03 00:52:27.403  INFO 14777 --- [http-nio-9091-exec-10] com.mb.aspect.CentralLoggingHandler      : returned with value <200 OK OK,com.mb.entity.Product@4adac885,[]>
2022-08-03 00:52:27.403  INFO 14777 --- [http-nio-9091-exec-10] com.mb.aspect.CentralLoggingHandler      : after method execution(ResponseEntity com.mb.controller.ProductController.getProductById(long))
2022-08-03 00:52:28.963  INFO 14777 --- [http-nio-9091-exec-1] com.mb.aspect.CentralLoggingHandler      : 

Request Type POST , Path /api/checkout-payment from Mozilla/5.0 (X11; Linux x86_64) AppleWebKit/537.36 (KHTML, like Gecko) Chrome/103.0.0.0 Safari/537.36
2022-08-03 00:52:28.964  INFO 14777 --- [http-nio-9091-exec-1] com.mb.aspect.CentralLoggingHandler      :  Allowed execution for execution(ResponseEntity com.mb.controller.StripeController.paymentWithCheckoutPage(CheckoutPayment))
2022-08-03 00:52:30.853  INFO 14777 --- [http-nio-9091-exec-1] com.mb.aspect.CentralLoggingHandler      : returned with value <200 OK OK,{"id":"cs_test_a1ZJl938ebZRZlYAIolMXrPDsfr5gETrFabxlktpimgVMcsob9C3d0EzSE"},[]>
2022-08-03 00:52:30.854  INFO 14777 --- [http-nio-9091-exec-1] com.mb.aspect.CentralLoggingHandler      : after method execution(ResponseEntity com.mb.controller.StripeController.paymentWithCheckoutPage(CheckoutPayment))
2022-08-03 00:52:31.655  WARN 14777 --- [http-nio-9091-exec-2] .m.m.a.ExceptionHandlerExceptionResolver : Resolved [java.lang.NullPointerException: Cannot invoke "com.mb.service.PaymentDetailService.savePaymentDetails(javax.servlet.http.HttpServletRequest)" because "this.paymentDetailService" is null]
2022-08-03 00:52:34.417  INFO 14777 --- [http-nio-9091-exec-3] com.mb.aspect.CentralLoggingHandler      : 

Request Type GET , Path /api/get-product/1 from Mozilla/5.0 (X11; Linux x86_64) AppleWebKit/537.36 (KHTML, like Gecko) Chrome/103.0.0.0 Safari/537.36
2022-08-03 00:52:34.417  INFO 14777 --- [http-nio-9091-exec-3] com.mb.aspect.CentralLoggingHandler      :  Allowed execution for execution(ResponseEntity com.mb.controller.ProductController.getProductById(long))
2022-08-03 00:52:34.419  INFO 14777 --- [http-nio-9091-exec-3] com.mb.aspect.CentralLoggingHandler      : returned with value <200 OK OK,com.mb.entity.Product@19cb2c01,[]>
2022-08-03 00:52:34.420  INFO 14777 --- [http-nio-9091-exec-3] com.mb.aspect.CentralLoggingHandler      : after method execution(ResponseEntity com.mb.controller.ProductController.getProductById(long))
2022-08-03 00:53:39.776  INFO 14777 --- [http-nio-9091-exec-6] com.mb.aspect.CentralLoggingHandler      : 

Request Type GET , Path /api/get-product/1 from Mozilla/5.0 (iPhone; CPU iPhone OS 13_2_3 like Mac OS X) AppleWebKit/605.1.15 (KHTML, like Gecko) Version/13.0.3 Mobile/15E148 Safari/604.1
2022-08-03 00:53:39.776  INFO 14777 --- [http-nio-9091-exec-6] com.mb.aspect.CentralLoggingHandler      :  Allowed execution for execution(ResponseEntity com.mb.controller.ProductController.getProductById(long))
2022-08-03 00:53:39.783  INFO 14777 --- [http-nio-9091-exec-6] com.mb.aspect.CentralLoggingHandler      : returned with value <200 OK OK,com.mb.entity.Product@1b7e47eb,[]>
2022-08-03 00:53:39.783  INFO 14777 --- [http-nio-9091-exec-6] com.mb.aspect.CentralLoggingHandler      : after method execution(ResponseEntity com.mb.controller.ProductController.getProductById(long))
